<?xml version="1.0" encoding="UTF-8"?>
<testsuite xmlns:xsi="http://www.w3.org/2001/XMLSchema-instance" xsi:noNamespaceSchemaLocation="https://maven.apache.org/surefire/maven-surefire-plugin/xsd/surefire-test-report-3.0.xsd" version="3.0" name="com.file.feature.Test" time="3.907" tests="2" errors="0" skipped="0" failures="0">
  <properties>
[...]
</properties>
  <testcase name="[1:2] login" classname="com/file/feature/demo" time="2.46">
    <system-out><![CDATA[09:30:03.967 [main] DEBUG com.intuit.karate.Suite - [config] classpath:karate-config.js
09:30:05.378 [main] DEBUG com.intuit.karate - request:
1 > POST https://api-qa19.mirrorfly.com/api/v1/login
1 > Content-Type: application/json; charset=UTF-8
1 > Content-Length: 62
1 > Host: api-qa19.mirrorfly.com
1 > Connection: Keep-Alive
1 > User-Agent: Apache-HttpClient/4.5.14 (Java/17.0.10)
1 > Accept-Encoding: gzip,deflate
{"password":"welcome@123","username":"919677025865","type":""}

09:30:05.832 [main] DEBUG com.intuit.karate - response time in milliseconds: 449
1 < 200
1 < Date: Sat, 30 Mar 2024 04:00:09 GMT
1 < Content-Type: application/json
1 < Content-Length: 243
1 < Connection: keep-alive
1 < Cache-Control: no-cache, no-store, max-age=0, must-revalidate
1 < Pragma: no-cache
1 < Expires: 0
1 < X-Content-Type-Options: nosniff
1 < Strict-Transport-Security: max-age=15724800; includeSubDomains
1 < X-Frame-Options: DENY
1 < X-XSS-Protection: 0
1 < Referrer-Policy: no-referrer
{"status":200,"data":{"token":"eyJ0eXAiOiJKV1QiLCJhbGciOiJIUzI1NiJ9.eyJ0ZW1wRGF0YSI6InR4cjdPODAyVzdCR042bHU1N0g4IiwiaXNzIjoiYXV0aDAiLCJleHAiOjE3MTE3NzEyMDl9.6rKumzA-wwcD3SGcWHaGXMuYWFIssqs5S2lAhb4CpUU"},"message":"Data retrieved successfully"}

09:30:05.850 [main] INFO  com.intuit.karate - [print] eyJ0eXAiOiJKV1QiLCJhbGciOiJIUzI1NiJ9.eyJ0ZW1wRGF0YSI6InR4cjdPODAyVzdCR042bHU1N0g4IiwiaXNzIjoiYXV0aDAiLCJleHAiOjE3MTE3NzEyMDl9.6rKumzA-wwcD3SGcWHaGXMuYWFIssqs5S2lAhb4CpUU 
---------------------------------------------------------
feature: classpath:com/file/feature/demo.feature
scenarios:  1 | passed:  1 | failed:  0 | time: 0.8248
---------------------------------------------------------

]]></system-out>
  </testcase>
  <testcase name="[1:3] hello world" classname="com/file/feature/demo1" time="0.296">
    <system-out><![CDATA[09:30:06.476 [main] INFO  com.intuit.karate - [print] welcome@123 
---------------------------------------------------------
feature: classpath:com/file/feature/demo1.feature
scenarios:  1 | passed:  1 | failed:  0 | time: 0.0087
---------------------------------------------------------

Karate version: 1.4.1
======================================================
elapsed:   3.02 | threads:    1 | thread time: 0.83 
features:     2 | skipped:    0 | efficiency: 0.28
scenarios:    2 | passed:     2 | failed: 0
======================================================

HTML report: (paste into browser to view) | Karate version: 1.4.1
file:///C:/Users/guru/Desktop/API%20automation/karate_DSL/target/karate-reports/karate-summary.html
===================================================================

]]></system-out>
  </testcase>
</testsuite>